<?xml version="1.0" encoding="UTF-8"?>
<coverage generated="1679714839103" clover="3.2.0">
  <project timestamp="1679714839103" name="All files">
    <metrics statements="30" coveredstatements="30" conditionals="12" coveredconditionals="12" methods="15" coveredmethods="15" elements="57" coveredelements="57" complexity="0" loc="30" ncloc="30" packages="4" files="4" classes="4"/>
    <package name="jest.helpers">
      <metrics statements="2" coveredstatements="2" conditionals="0" coveredconditionals="0" methods="1" coveredmethods="1"/>
      <file name="renderProvider.tsx" path="/Users/matheussousa/Desktop/Estudos/Web/to-ducks-tasks/jest/helpers/renderProvider.tsx">
        <metrics statements="2" coveredstatements="2" conditionals="0" coveredconditionals="0" methods="1" coveredmethods="1"/>
        <line num="9" count="6" type="stmt"/>
        <line num="10" count="16" type="stmt"/>
      </file>
    </package>
    <package name="src.components.CardDuckTask">
      <metrics statements="6" coveredstatements="6" conditionals="2" coveredconditionals="2" methods="4" coveredmethods="4"/>
      <file name="index.tsx" path="/Users/matheussousa/Desktop/Estudos/Web/to-ducks-tasks/src/components/CardDuckTask/index.tsx">
        <metrics statements="6" coveredstatements="6" conditionals="2" coveredconditionals="2" methods="4" coveredmethods="4"/>
        <line num="18" count="2" type="stmt"/>
        <line num="26" count="25" type="stmt"/>
        <line num="36" count="2" type="stmt"/>
        <line num="37" count="1" type="stmt"/>
        <line num="43" count="2" type="stmt"/>
        <line num="44" count="10" type="stmt"/>
      </file>
    </package>
    <package name="src.components.SearchInput">
      <metrics statements="2" coveredstatements="2" conditionals="0" coveredconditionals="0" methods="1" coveredmethods="1"/>
      <file name="index.tsx" path="/Users/matheussousa/Desktop/Estudos/Web/to-ducks-tasks/src/components/SearchInput/index.tsx">
        <metrics statements="2" coveredstatements="2" conditionals="0" coveredconditionals="0" methods="1" coveredmethods="1"/>
        <line num="5" count="2" type="stmt"/>
        <line num="6" count="20" type="stmt"/>
      </file>
    </package>
    <package name="src.components.SearchTasks">
      <metrics statements="20" coveredstatements="20" conditionals="10" coveredconditionals="10" methods="9" coveredmethods="9"/>
      <file name="index.tsx" path="/Users/matheussousa/Desktop/Estudos/Web/to-ducks-tasks/src/components/SearchTasks/index.tsx">
        <metrics statements="20" coveredstatements="20" conditionals="10" coveredconditionals="10" methods="9" coveredmethods="9"/>
        <line num="14" count="1" type="stmt"/>
        <line num="15" count="19" type="stmt"/>
        <line num="16" count="19" type="stmt"/>
        <line num="17" count="19" type="stmt"/>
        <line num="19" count="19" type="stmt"/>
        <line num="20" count="1" type="stmt"/>
        <line num="21" count="1" type="stmt"/>
        <line num="24" count="19" type="stmt"/>
        <line num="25" count="1" type="stmt"/>
        <line num="29" count="19" type="cond" truecount="2" falsecount="0"/>
        <line num="32" count="24" type="cond" truecount="2" falsecount="0"/>
        <line num="37" count="19" type="stmt"/>
        <line num="38" count="17" type="cond" truecount="2" falsecount="0"/>
        <line num="39" count="12" type="stmt"/>
        <line num="40" count="13" type="stmt"/>
        <line num="51" count="5" type="stmt"/>
        <line num="52" count="6" type="stmt"/>
        <line num="63" count="19" type="stmt"/>
        <line num="65" count="12" type="stmt"/>
        <line num="74" count="5" type="stmt"/>
      </file>
    </package>
  </project>
</coverage>
