<?xml version="1.0" encoding="UTF-8"?>
<coverage generated="1679770422550" clover="3.2.0">
  <project timestamp="1679770422550" name="All files">
    <metrics statements="20" coveredstatements="20" conditionals="0" coveredconditionals="0" methods="8" coveredmethods="8" elements="28" coveredelements="28" complexity="0" loc="20" ncloc="20" packages="3" files="3" classes="3"/>
    <package name="jest.helpers">
      <metrics statements="2" coveredstatements="2" conditionals="0" coveredconditionals="0" methods="1" coveredmethods="1"/>
      <file name="renderProvider.tsx" path="/Users/matheussousa/Desktop/Estudos/Web/to-ducks-tasks/jest/helpers/renderProvider.tsx">
        <metrics statements="2" coveredstatements="2" conditionals="0" coveredconditionals="0" methods="1" coveredmethods="1"/>
        <line num="9" count="7" type="stmt"/>
        <line num="10" count="17" type="stmt"/>
      </file>
    </package>
    <package name="src.components.NewDuckTask">
      <metrics statements="17" coveredstatements="17" conditionals="0" coveredconditionals="0" methods="6" coveredmethods="6"/>
      <file name="index.tsx" path="/Users/matheussousa/Desktop/Estudos/Web/to-ducks-tasks/src/components/NewDuckTask/index.tsx">
        <metrics statements="17" coveredstatements="17" conditionals="0" coveredconditionals="0" methods="6" coveredmethods="6"/>
        <line num="18" count="2" type="stmt"/>
        <line num="19" count="71" type="stmt"/>
        <line num="20" count="71" type="stmt"/>
        <line num="21" count="71" type="stmt"/>
        <line num="23" count="71" type="stmt"/>
        <line num="24" count="2" type="stmt"/>
        <line num="25" count="2" type="stmt"/>
        <line num="32" count="2" type="stmt"/>
        <line num="33" count="2" type="stmt"/>
        <line num="34" count="2" type="stmt"/>
        <line num="35" count="2" type="stmt"/>
        <line num="37" count="71" type="stmt"/>
        <line num="51" count="30" type="stmt"/>
        <line num="57" count="33" type="stmt"/>
        <line num="68" count="6" type="stmt"/>
        <line num="72" count="2" type="stmt"/>
        <line num="73" count="4" type="stmt"/>
      </file>
    </package>
    <package name="src.pages.Home">
      <metrics statements="1" coveredstatements="1" conditionals="0" coveredconditionals="0" methods="1" coveredmethods="1"/>
      <file name="index.tsx" path="/Users/matheussousa/Desktop/Estudos/Web/to-ducks-tasks/src/pages/Home/index.tsx">
        <metrics statements="1" coveredstatements="1" conditionals="0" coveredconditionals="0" methods="1" coveredmethods="1"/>
        <line num="9" count="1" type="stmt"/>
      </file>
    </package>
  </project>
</coverage>
