{"/Users/matheussousa/Desktop/Estudos/Web/to-ducks-tasks/jest/helpers/renderProvider.tsx": {"path":"/Users/matheussousa/Desktop/Estudos/Web/to-ducks-tasks/jest/helpers/renderProvider.tsx","statementMap":{"0":{"start":{"line":9,"column":30},"end":{"line":11,"column":1}},"1":{"start":{"line":10,"column":2},"end":{"line":10,"column":55}}},"fnMap":{"0":{"name":"(anonymous_0)","decl":{"start":{"line":9,"column":30},"end":{"line":9,"column":31}},"loc":{"start":{"line":9,"column":55},"end":{"line":11,"column":1}},"line":9}},"branchMap":{},"s":{"0":1,"1":1},"f":{"0":1},"b":{},"_coverageSchema":"1a1c01bbd47fc00a2c39e90264f33305004495a9","hash":"117d1f4c93f306797c2874dbbfdcb549edb4c438"}
,"/Users/matheussousa/Desktop/Estudos/Web/to-ducks-tasks/src/components/IconDuckTask/index.tsx": {"path":"/Users/matheussousa/Desktop/Estudos/Web/to-ducks-tasks/src/components/IconDuckTask/index.tsx","statementMap":{"0":{"start":{"line":8,"column":21},"end":{"line":52,"column":1}},"1":{"start":{"line":9,"column":15},"end":{"line":45,"column":3}},"2":{"start":{"line":10,"column":4},"end":{"line":44,"column":5}},"3":{"start":{"line":11,"column":6},"end":{"line":26,"column":7}},"4":{"start":{"line":28,"column":6},"end":{"line":43,"column":7}},"5":{"start":{"line":47,"column":2},"end":{"line":51,"column":3}}},"fnMap":{"0":{"name":"(anonymous_0)","decl":{"start":{"line":8,"column":21},"end":{"line":8,"column":22}},"loc":{"start":{"line":8,"column":69},"end":{"line":52,"column":1}},"line":8},"1":{"name":"(anonymous_1)","decl":{"start":{"line":9,"column":15},"end":{"line":9,"column":16}},"loc":{"start":{"line":9,"column":21},"end":{"line":45,"column":3}},"line":9}},"branchMap":{"0":{"loc":{"start":{"line":10,"column":4},"end":{"line":44,"column":5}},"type":"if","locations":[{"start":{"line":10,"column":4},"end":{"line":44,"column":5}},{"start":{"line":27,"column":11},"end":{"line":44,"column":5}}],"line":10}},"s":{"0":1,"1":2,"2":2,"3":1,"4":1,"5":2},"f":{"0":2,"1":2},"b":{"0":[1,1]},"_coverageSchema":"1a1c01bbd47fc00a2c39e90264f33305004495a9","hash":"3dc3121653d72c79afc3e8db8c7669edff52371a"}
,"/Users/matheussousa/Desktop/Estudos/Web/to-ducks-tasks/src/components/ModalDuckEditTask/index.tsx": {"path":"/Users/matheussousa/Desktop/Estudos/Web/to-ducks-tasks/src/components/ModalDuckEditTask/index.tsx","statementMap":{"0":{"start":{"line":18,"column":26},"end":{"line":72,"column":1}},"1":{"start":{"line":24,"column":26},"end":{"line":24,"column":46}},"2":{"start":{"line":25,"column":34},"end":{"line":25,"column":54}},"3":{"start":{"line":26,"column":34},"end":{"line":26,"column":54}},"4":{"start":{"line":27,"column":2},"end":{"line":27,"column":21}},"5":{"start":{"line":28,"column":29},"end":{"line":38,"column":3}},"6":{"start":{"line":29,"column":4},"end":{"line":29,"column":26}},"7":{"start":{"line":31,"column":4},"end":{"line":36,"column":6}},"8":{"start":{"line":37,"column":4},"end":{"line":37,"column":16}},"9":{"start":{"line":40,"column":2},"end":{"line":48,"column":8}},"10":{"start":{"line":41,"column":4},"end":{"line":47,"column":6}},"11":{"start":{"line":42,"column":6},"end":{"line":46,"column":7}},"12":{"start":{"line":43,"column":8},"end":{"line":43,"column":30}},"13":{"start":{"line":44,"column":8},"end":{"line":44,"column":34}},"14":{"start":{"line":45,"column":8},"end":{"line":45,"column":34}},"15":{"start":{"line":50,"column":2},"end":{"line":71,"column":3}},"16":{"start":{"line":61,"column":27},"end":{"line":61,"column":54}},"17":{"start":{"line":66,"column":27},"end":{"line":66,"column":54}},"18":{"start":{"line":74,"column":24},"end":{"line":76,"column":2}},"19":{"start":{"line":74,"column":50},"end":{"line":76,"column":1}},"20":{"start":{"line":78,"column":27},"end":{"line":80,"column":1}},"21":{"start":{"line":79,"column":2},"end":{"line":79,"column":55}}},"fnMap":{"0":{"name":"(anonymous_0)","decl":{"start":{"line":18,"column":26},"end":{"line":18,"column":27}},"loc":{"start":{"line":23,"column":30},"end":{"line":72,"column":1}},"line":23},"1":{"name":"(anonymous_1)","decl":{"start":{"line":28,"column":29},"end":{"line":28,"column":30}},"loc":{"start":{"line":28,"column":51},"end":{"line":38,"column":3}},"line":28},"2":{"name":"(anonymous_2)","decl":{"start":{"line":40,"column":12},"end":{"line":40,"column":13}},"loc":{"start":{"line":40,"column":18},"end":{"line":48,"column":3}},"line":40},"3":{"name":"(anonymous_3)","decl":{"start":{"line":41,"column":19},"end":{"line":41,"column":20}},"loc":{"start":{"line":41,"column":33},"end":{"line":47,"column":5}},"line":41},"4":{"name":"(anonymous_4)","decl":{"start":{"line":61,"column":20},"end":{"line":61,"column":21}},"loc":{"start":{"line":61,"column":27},"end":{"line":61,"column":54}},"line":61},"5":{"name":"(anonymous_5)","decl":{"start":{"line":66,"column":20},"end":{"line":66,"column":21}},"loc":{"start":{"line":66,"column":27},"end":{"line":66,"column":54}},"line":66},"6":{"name":"(anonymous_6)","decl":{"start":{"line":74,"column":24},"end":{"line":74,"column":25}},"loc":{"start":{"line":74,"column":50},"end":{"line":76,"column":1}},"line":74},"7":{"name":"(anonymous_7)","decl":{"start":{"line":78,"column":27},"end":{"line":78,"column":28}},"loc":{"start":{"line":78,"column":62},"end":{"line":80,"column":1}},"line":78}},"branchMap":{"0":{"loc":{"start":{"line":42,"column":6},"end":{"line":46,"column":7}},"type":"if","locations":[{"start":{"line":42,"column":6},"end":{"line":46,"column":7}},{"start":{},"end":{}}],"line":42}},"s":{"0":1,"1":3,"2":3,"3":3,"4":3,"5":3,"6":0,"7":0,"8":0,"9":3,"10":2,"11":1,"12":1,"13":1,"14":1,"15":3,"16":0,"17":0,"18":1,"19":2,"20":1,"21":2},"f":{"0":3,"1":0,"2":2,"3":1,"4":0,"5":0,"6":2,"7":2},"b":{"0":[1,0]},"_coverageSchema":"1a1c01bbd47fc00a2c39e90264f33305004495a9","hash":"8071809de275767c5d5b19b1d9393c04bf49df01"}
}
