{"/Users/matheussousa/Desktop/Estudos/Web/to-ducks-tasks/jest/helpers/renderProvider.tsx": {"path":"/Users/matheussousa/Desktop/Estudos/Web/to-ducks-tasks/jest/helpers/renderProvider.tsx","statementMap":{"0":{"start":{"line":9,"column":30},"end":{"line":11,"column":1}},"1":{"start":{"line":10,"column":2},"end":{"line":10,"column":55}}},"fnMap":{"0":{"name":"(anonymous_0)","decl":{"start":{"line":9,"column":30},"end":{"line":9,"column":31}},"loc":{"start":{"line":9,"column":55},"end":{"line":11,"column":1}},"line":9}},"branchMap":{},"s":{"0":6,"1":16},"f":{"0":16},"b":{},"_coverageSchema":"1a1c01bbd47fc00a2c39e90264f33305004495a9","hash":"117d1f4c93f306797c2874dbbfdcb549edb4c438"}
,"/Users/matheussousa/Desktop/Estudos/Web/to-ducks-tasks/src/components/CardDuckTask/index.tsx": {"path":"/Users/matheussousa/Desktop/Estudos/Web/to-ducks-tasks/src/components/CardDuckTask/index.tsx","statementMap":{"0":{"start":{"line":18,"column":21},"end":{"line":41,"column":1}},"1":{"start":{"line":26,"column":2},"end":{"line":40,"column":3}},"2":{"start":{"line":36,"column":67},"end":{"line":36,"column":80}},"3":{"start":{"line":37,"column":57},"end":{"line":37,"column":79}},"4":{"start":{"line":43,"column":27},"end":{"line":45,"column":1}},"5":{"start":{"line":44,"column":2},"end":{"line":44,"column":57}}},"fnMap":{"0":{"name":"(anonymous_0)","decl":{"start":{"line":18,"column":21},"end":{"line":18,"column":22}},"loc":{"start":{"line":25,"column":25},"end":{"line":41,"column":1}},"line":25},"1":{"name":"(anonymous_1)","decl":{"start":{"line":36,"column":61},"end":{"line":36,"column":62}},"loc":{"start":{"line":36,"column":67},"end":{"line":36,"column":80}},"line":36},"2":{"name":"(anonymous_2)","decl":{"start":{"line":37,"column":51},"end":{"line":37,"column":52}},"loc":{"start":{"line":37,"column":57},"end":{"line":37,"column":79}},"line":37},"3":{"name":"(anonymous_3)","decl":{"start":{"line":43,"column":27},"end":{"line":43,"column":28}},"loc":{"start":{"line":43,"column":62},"end":{"line":45,"column":1}},"line":43}},"branchMap":{"0":{"loc":{"start":{"line":30,"column":20},"end":{"line":30,"column":57}},"type":"cond-expr","locations":[{"start":{"line":30,"column":42},"end":{"line":30,"column":50}},{"start":{"line":30,"column":53},"end":{"line":30,"column":57}}],"line":30}},"s":{"0":2,"1":25,"2":2,"3":1,"4":2,"5":10},"f":{"0":25,"1":2,"2":1,"3":10},"b":{"0":[5,20]},"_coverageSchema":"1a1c01bbd47fc00a2c39e90264f33305004495a9","hash":"676f914421c9ef7697eb74a25b7a7d44ec305ca4"}
,"/Users/matheussousa/Desktop/Estudos/Web/to-ducks-tasks/src/components/SearchInput/index.tsx": {"path":"/Users/matheussousa/Desktop/Estudos/Web/to-ducks-tasks/src/components/SearchInput/index.tsx","statementMap":{"0":{"start":{"line":5,"column":20},"end":{"line":12,"column":1}},"1":{"start":{"line":6,"column":2},"end":{"line":11,"column":3}}},"fnMap":{"0":{"name":"(anonymous_0)","decl":{"start":{"line":5,"column":20},"end":{"line":5,"column":21}},"loc":{"start":{"line":5,"column":76},"end":{"line":12,"column":1}},"line":5}},"branchMap":{},"s":{"0":2,"1":20},"f":{"0":20},"b":{},"_coverageSchema":"1a1c01bbd47fc00a2c39e90264f33305004495a9","hash":"7ad655c2154767064e9a79e2486d4270132aec6a"}
,"/Users/matheussousa/Desktop/Estudos/Web/to-ducks-tasks/src/components/SearchTasks/index.tsx": {"path":"/Users/matheussousa/Desktop/Estudos/Web/to-ducks-tasks/src/components/SearchTasks/index.tsx","statementMap":{"0":{"start":{"line":14,"column":20},"end":{"line":72,"column":1}},"1":{"start":{"line":15,"column":40},"end":{"line":15,"column":60}},"2":{"start":{"line":16,"column":30},"end":{"line":16,"column":49}},"3":{"start":{"line":17,"column":36},"end":{"line":17,"column":60}},"4":{"start":{"line":19,"column":26},"end":{"line":22,"column":3}},"5":{"start":{"line":20,"column":4},"end":{"line":20,"column":17}},"6":{"start":{"line":21,"column":4},"end":{"line":21,"column":22}},"7":{"start":{"line":24,"column":27},"end":{"line":26,"column":3}},"8":{"start":{"line":25,"column":4},"end":{"line":25,"column":23}},"9":{"start":{"line":29,"column":4},"end":{"line":35,"column":10}},"10":{"start":{"line":32,"column":12},"end":{"line":33,"column":75}},"11":{"start":{"line":37,"column":22},"end":{"line":61,"column":3}},"12":{"start":{"line":38,"column":4},"end":{"line":49,"column":5}},"13":{"start":{"line":39,"column":6},"end":{"line":48,"column":8}},"14":{"start":{"line":40,"column":8},"end":{"line":47,"column":10}},"15":{"start":{"line":51,"column":4},"end":{"line":60,"column":6}},"16":{"start":{"line":52,"column":6},"end":{"line":59,"column":8}},"17":{"start":{"line":63,"column":2},"end":{"line":71,"column":3}},"18":{"start":{"line":65,"column":56},"end":{"line":65,"column":86}},"19":{"start":{"line":74,"column":24},"end":{"line":76,"column":2}},"20":{"start":{"line":74,"column":50},"end":{"line":76,"column":1}}},"fnMap":{"0":{"name":"(anonymous_0)","decl":{"start":{"line":14,"column":20},"end":{"line":14,"column":21}},"loc":{"start":{"line":14,"column":55},"end":{"line":72,"column":1}},"line":14},"1":{"name":"(anonymous_1)","decl":{"start":{"line":19,"column":26},"end":{"line":19,"column":27}},"loc":{"start":{"line":19,"column":42},"end":{"line":22,"column":3}},"line":19},"2":{"name":"(anonymous_2)","decl":{"start":{"line":24,"column":27},"end":{"line":24,"column":28}},"loc":{"start":{"line":24,"column":33},"end":{"line":26,"column":3}},"line":24},"3":{"name":"(anonymous_3)","decl":{"start":{"line":31,"column":10},"end":{"line":31,"column":11}},"loc":{"start":{"line":32,"column":12},"end":{"line":33,"column":75}},"line":32},"4":{"name":"(anonymous_4)","decl":{"start":{"line":37,"column":22},"end":{"line":37,"column":23}},"loc":{"start":{"line":37,"column":28},"end":{"line":61,"column":3}},"line":37},"5":{"name":"(anonymous_5)","decl":{"start":{"line":39,"column":35},"end":{"line":39,"column":36}},"loc":{"start":{"line":40,"column":8},"end":{"line":47,"column":10}},"line":40},"6":{"name":"(anonymous_6)","decl":{"start":{"line":51,"column":23},"end":{"line":51,"column":24}},"loc":{"start":{"line":52,"column":6},"end":{"line":59,"column":8}},"line":52},"7":{"name":"(anonymous_7)","decl":{"start":{"line":65,"column":49},"end":{"line":65,"column":50}},"loc":{"start":{"line":65,"column":56},"end":{"line":65,"column":86}},"line":65},"8":{"name":"(anonymous_8)","decl":{"start":{"line":74,"column":24},"end":{"line":74,"column":25}},"loc":{"start":{"line":74,"column":50},"end":{"line":76,"column":1}},"line":74}},"branchMap":{"0":{"loc":{"start":{"line":29,"column":4},"end":{"line":35,"column":10}},"type":"cond-expr","locations":[{"start":{"line":30,"column":8},"end":{"line":34,"column":9}},{"start":{"line":35,"column":8},"end":{"line":35,"column":10}}],"line":29},"1":{"loc":{"start":{"line":32,"column":12},"end":{"line":33,"column":75}},"type":"binary-expr","locations":[{"start":{"line":32,"column":12},"end":{"line":32,"column":75}},{"start":{"line":33,"column":12},"end":{"line":33,"column":75}}],"line":32},"2":{"loc":{"start":{"line":38,"column":4},"end":{"line":49,"column":5}},"type":"if","locations":[{"start":{"line":38,"column":4},"end":{"line":49,"column":5}},{"start":{},"end":{}}],"line":38},"3":{"loc":{"start":{"line":67,"column":9},"end":{"line":67,"column":61}},"type":"cond-expr","locations":[{"start":{"line":67,"column":30},"end":{"line":67,"column":43}},{"start":{"line":67,"column":46},"end":{"line":67,"column":61}}],"line":67},"4":{"loc":{"start":{"line":69,"column":7},"end":{"line":69,"column":87}},"type":"binary-expr","locations":[{"start":{"line":69,"column":7},"end":{"line":69,"column":16}},{"start":{"line":69,"column":20},"end":{"line":69,"column":87}}],"line":69}},"s":{"0":1,"1":19,"2":19,"3":19,"4":19,"5":1,"6":1,"7":19,"8":1,"9":19,"10":24,"11":19,"12":17,"13":12,"14":13,"15":5,"16":6,"17":19,"18":12,"19":1,"20":5},"f":{"0":19,"1":1,"2":1,"3":24,"4":17,"5":13,"6":6,"7":12,"8":5},"b":{"0":[12,7],"1":[24,12],"2":[12,5],"3":[17,2],"4":[19,1]},"_coverageSchema":"1a1c01bbd47fc00a2c39e90264f33305004495a9","hash":"e3c7010e05e917ff6ea73cd05dc2d0c1509a5216"}
}
